

Started GET "/search/Books/Game+of+Thrones" for 127.0.0.1 at 2015-02-26 12:45:52 -0300
Processing by SearchController#item_search as HTML
  Parameters: {"category"=>"Books", "item_name"=>"Game+of+Thrones"}
  Rendered search/item_search.html.erb within layouts/application (2.0ms)
Completed 200 OK in 819ms (Views: 12.5ms | ActiveRecord: 0.0ms)


Started GET "/search/Books/Game+of+Thrones" for 127.0.0.1 at 2015-02-26 13:58:00 -0300
Processing by SearchController#item_search as HTML
  Parameters: {"category"=>"Books", "item_name"=>"Game+of+Thrones"}
  Rendered search/item_search.html.erb within layouts/application (10.0ms)
Completed 200 OK in 1220ms (Views: 21.9ms | ActiveRecord: 0.0ms)
  [1m[36m (1.2ms)[0m  [1mCREATE TABLE "schema_migrations" ("version" varchar(255) NOT NULL) [0m
  [1m[35m (0.1ms)[0m  select sqlite_version(*)
  [1m[36m (0.9ms)[0m  [1mCREATE UNIQUE INDEX "unique_schema_migrations" ON "schema_migrations" ("version")[0m
  [1m[35mActiveRecord::SchemaMigration Load (0.1ms)[0m  SELECT "schema_migrations".* FROM "schema_migrations"


Started GET "/search/Books/Game+of+Thrones" for 127.0.0.1 at 2015-02-26 14:40:34 -0300
Processing by SearchController#item_search as HTML
  Parameters: {"category"=>"Books", "item_name"=>"Game+of+Thrones"}
  Rendered search/item_search.html.erb within layouts/application (11.6ms)
Completed 200 OK in 1322ms (Views: 29.6ms | ActiveRecord: 0.0ms)


Started GET "/search/Books/Game+of+Thrones" for 127.0.0.1 at 2015-02-26 15:02:42 -0300
Processing by SearchController#item_search as HTML
  Parameters: {"category"=>"Books", "item_name"=>"Game+of+Thrones"}
  Rendered search/item_search.html.erb within layouts/application (8.8ms)
Completed 200 OK in 1049ms (Views: 18.6ms | ActiveRecord: 0.0ms)


Started GET "/search/Books/Game+of+Thrones" for 127.0.0.1 at 2015-02-26 15:02:52 -0300
Processing by SearchController#item_search as HTML
  Parameters: {"category"=>"Books", "item_name"=>"Game+of+Thrones"}
  Rendered search/item_search.html.erb within layouts/application (4.2ms)
Completed 200 OK in 722ms (Views: 5.9ms | ActiveRecord: 0.0ms)


Started GET "/search/Books/Game+of+Thrones" for 127.0.0.1 at 2015-02-26 15:11:59 -0300
Processing by SearchController#item_search as HTML
  Parameters: {"category"=>"Books", "item_name"=>"Game+of+Thrones"}
  Rendered search/item_search.html.erb within layouts/application (4.4ms)
Completed 200 OK in 1531ms (Views: 7.7ms | ActiveRecord: 0.0ms)


Started GET "/search/Books/Game+of+Thrones" for 127.0.0.1 at 2015-02-26 15:12:00 -0300
Processing by SearchController#item_search as HTML
  Parameters: {"category"=>"Books", "item_name"=>"Game+of+Thrones"}
  Rendered search/item_search.html.erb within layouts/application (6.0ms)
Completed 200 OK in 965ms (Views: 8.3ms | ActiveRecord: 0.0ms)


Started GET "/search/Books/Game+of+Thrones" for 127.0.0.1 at 2015-02-26 15:16:14 -0300
Processing by SearchController#item_search as HTML
  Parameters: {"category"=>"Books", "item_name"=>"Game+of+Thrones"}
  Rendered search/item_search.html.erb within layouts/application (5.1ms)
Completed 200 OK in 1106ms (Views: 7.2ms | ActiveRecord: 0.0ms)


Started GET "/search/Books/Game+of+Thrones" for 127.0.0.1 at 2015-02-26 15:18:08 -0300
Processing by SearchController#item_search as HTML
  Parameters: {"category"=>"Books", "item_name"=>"Game+of+Thrones"}
  Rendered search/item_search.html.erb within layouts/application (4.1ms)
Completed 200 OK in 1076ms (Views: 5.8ms | ActiveRecord: 0.0ms)


Started GET "/search/Books/Game+of+Thrones" for 127.0.0.1 at 2015-02-26 15:39:05 -0300
Processing by SearchController#item_search as HTML
  Parameters: {"category"=>"Books", "item_name"=>"Game+of+Thrones"}
  Rendered search/item_search.html.erb within layouts/application (0.1ms)
Completed 200 OK in 699ms (Views: 3.5ms | ActiveRecord: 0.0ms)


Started GET "/search/Books/Game+of+Thrones" for 127.0.0.1 at 2015-02-26 15:39:06 -0300
Processing by SearchController#item_search as HTML
  Parameters: {"category"=>"Books", "item_name"=>"Game+of+Thrones"}
  Rendered search/item_search.html.erb within layouts/application (0.1ms)
Completed 200 OK in 360ms (Views: 1.9ms | ActiveRecord: 0.0ms)


Started GET "/search/Books/Game+of+Thrones" for 127.0.0.1 at 2015-02-26 15:39:29 -0300
Processing by SearchController#item_search as HTML
  Parameters: {"category"=>"Books", "item_name"=>"Game+of+Thrones"}
  Rendered search/item_search.html.erb within layouts/application (0.1ms)
Completed 200 OK in 469ms (Views: 3.0ms | ActiveRecord: 0.0ms)


Started GET "/search/Books/Game+of+Thrones" for 127.0.0.1 at 2015-02-26 15:39:32 -0300
Processing by SearchController#item_search as HTML
  Parameters: {"category"=>"Books", "item_name"=>"Game+of+Thrones"}
  Rendered search/item_search.html.erb within layouts/application (0.2ms)
Completed 200 OK in 556ms (Views: 2.9ms | ActiveRecord: 0.0ms)


Started GET "/search/Books/Game+of+Thrones" for 127.0.0.1 at 2015-02-26 15:39:39 -0300
Processing by SearchController#item_search as HTML
  Parameters: {"category"=>"Books", "item_name"=>"Game+of+Thrones"}
  Rendered search/item_search.html.erb within layouts/application (4.7ms)
Completed 200 OK in 851ms (Views: 7.0ms | ActiveRecord: 0.0ms)


Started GET "/search/Books/Game+of+Thrones" for 127.0.0.1 at 2015-02-26 16:01:56 -0300
Processing by SearchController#item_search as HTML
  Parameters: {"category"=>"Books", "item_name"=>"Game+of+Thrones"}
  Rendered search/item_search.html.erb within layouts/application (4.5ms)
Completed 200 OK in 1436ms (Views: 7.0ms | ActiveRecord: 0.0ms)
